{"timestamp":"2025-08-05T09:43:01.898980","level":"info","event":"DAG bundles loaded: dags-folder, example_dags","logger":"airflow.dag_processing.bundles.manager.DagBundlesManager"}
{"timestamp":"2025-08-05T09:43:01.899534","level":"info","event":"Filling up the DagBag from /opt/airflow/dags/dbt/my_first_dag.py","logger":"airflow.models.dagbag.DagBag"}
{"timestamp":"2025-08-05T09:43:01.918267","level":"info","event":"Trying to parse the dbt project using dbt ls cache cosmos_cache__my_first_dag...","logger":"cosmos.dbt.graph"}
{"timestamp":"2025-08-05T09:43:01.919705","level":"info","event":"Secrets backends loaded for worker","count":1,"backend_classes":["EnvironmentVariablesBackend"],"logger":"supervisor"}
{"timestamp":"2025-08-05T09:43:01.931385","level":"info","event":"Cosmos performance: Cache miss for cosmos_cache__my_first_dag","logger":"cosmos.dbt.graph"}
{"timestamp":"2025-08-05T09:43:01.931923","level":"info","event":"Trying to parse the dbt project in `/opt/airflow/dags/dbt` using dbt ls...","logger":"cosmos.dbt.graph"}
{"timestamp":"2025-08-05T09:43:01.948486","level":"info","event":"Partial parse is enabled and the latest partial parse file is /opt/airflow/dags/dbt/target/partial_parse.msgpack","logger":"cosmos.dbt.graph"}
{"timestamp":"2025-08-05T09:43:02.007147","level":"info","event":"Profile caching is enable.","logger":"cosmos.config"}
{"timestamp":"2025-08-05T09:43:02.008293","level":"info","event":"Profile found in cache using profile: /tmp/cosmos/profile/85b8f46954269e4707deec868cbba4cc2b65d9ebab867732ca41963e0da1074c/profiles.yml.","logger":"cosmos.config"}
{"timestamp":"2025-08-05T09:43:02.023268","level":"info","event":"Running command with Python subprocess: `/usr/local/bin/dbt deps --project-dir /tmp/tmprcjs8uf8 --profiles-dir /tmp/cosmos/profile/85b8f46954269e4707deec868cbba4cc2b65d9ebab867732ca41963e0da1074c --profile dbt_study --target dev`","logger":"cosmos.dbt.graph"}
{"timestamp":"2025-08-05T09:43:02.028388","level":"info","event":"Trying to parse the dbt project `dbt` using a custom Cosmos method...","logger":"cosmos.dbt.graph"}
{"timestamp":"2025-08-05T09:43:02.482879","level":"info","event":"Total nodes: 75","logger":"cosmos.dbt.graph"}
{"timestamp":"2025-08-05T09:43:02.483215","level":"info","event":"Total filtered nodes: 1","logger":"cosmos.dbt.graph"}
{"timestamp":"2025-08-05T09:43:02.483627","level":"info","event":"Cosmos performance (my_first_dag) -  [77b390b50e69|582]: It took 0.565s to parse the dbt project for DAG using LoadMode.CUSTOM","logger":"cosmos.converter"}
{"timestamp":"2025-08-05T09:43:02.494222","level":"info","event":"Cosmos performance (my_first_dag) - [77b390b50e69|582]: It took 0.0104s to build the Airflow DAG.","logger":"cosmos.converter"}
{"timestamp":"2025-08-05T09:43:02.933055Z","level":"info","event":"Task instance is in running state","chan":"stdout","logger":"task"}
{"timestamp":"2025-08-05T09:43:02.933373Z","level":"info","event":" Previous state of the Task instance: queued","chan":"stdout","logger":"task"}
{"timestamp":"2025-08-05T09:43:02.933573Z","level":"info","event":"Current task name:stg_flights__aircrafts_run","chan":"stdout","logger":"task"}
{"timestamp":"2025-08-05T09:43:02.933742Z","level":"info","event":"Dag name:my_first_dag","chan":"stdout","logger":"task"}
{"timestamp":"2025-08-05T09:43:02.514679","level":"info","event":"Could not import dbtRunner. Falling back to subprocess for invoking dbt.","logger":"cosmos.operators.base"}
{"timestamp":"2025-08-05T09:43:02.515146","level":"info","event":"Cloning project to writable temp directory /tmp/tmpiwmmhsr2 from /opt/airflow/dags/dbt","logger":"cosmos.operators.base"}
{"timestamp":"2025-08-05T09:43:02.556613","level":"info","event":"Partial parse is enabled and the latest partial parse file is /opt/airflow/dags/dbt/target/partial_parse.msgpack","logger":"cosmos.operators.base"}
{"timestamp":"2025-08-05T09:43:02.655665","level":"info","event":"Profile caching is enable.","logger":"cosmos.config"}
{"timestamp":"2025-08-05T09:43:02.657928","level":"info","event":"Secrets backends loaded for worker","count":1,"backend_classes":["EnvironmentVariablesBackend"],"logger":"supervisor"}
{"timestamp":"2025-08-05T09:43:02.934037","level":"info","event":"Connection Retrieved 'postgres_dbt'","logger":"airflow.hooks.base"}
{"timestamp":"2025-08-05T09:43:02.935078","level":"info","event":"Profile found in cache using profile: /tmp/cosmos/profile/2dc78fdf9e32487c099c4a43d0c8da7f4be0fbd4d28ce0b27131f1f95513f948/profiles.yml.","logger":"cosmos.config"}
{"timestamp":"2025-08-05T09:43:02.945935","level":"info","event":"Trying to run the command:\n ['/usr/local/bin/dbt', 'deps', '--project-dir', '/tmp/tmpiwmmhsr2', '--profiles-dir', '/tmp/cosmos/profile/2dc78fdf9e32487c099c4a43d0c8da7f4be0fbd4d28ce0b27131f1f95513f948', '--profile', 'dbt_study', '--target', 'dev']\nFrom /tmp/tmpiwmmhsr2","logger":"cosmos.operators.base"}
{"timestamp":"2025-08-05T09:43:02.946615","level":"info","event":"Tmp dir root location: \n /tmp","logger":"airflow.task.hooks.cosmos.hooks.subprocess.FullOutputSubprocessHook"}
{"timestamp":"2025-08-05T09:43:02.947592","level":"info","event":"Running command: ['/usr/local/bin/dbt', 'deps', '--project-dir', '/tmp/tmpiwmmhsr2', '--profiles-dir', '/tmp/cosmos/profile/2dc78fdf9e32487c099c4a43d0c8da7f4be0fbd4d28ce0b27131f1f95513f948', '--profile', 'dbt_study', '--target', 'dev']","logger":"airflow.task.hooks.cosmos.hooks.subprocess.FullOutputSubprocessHook"}
{"timestamp":"2025-08-05T09:43:02.968338","level":"error","event":"Task failed with exception","logger":"task","error_detail":[{"exc_type":"FileNotFoundError","exc_value":"[Errno 2] No such file or directory: '/usr/local/bin/dbt'","exc_notes":[],"syntax_error":null,"is_cause":false,"frames":[{"filename":"/home/airflow/.local/lib/python3.12/site-packages/airflow/sdk/execution_time/task_runner.py","lineno":825,"name":"run"},{"filename":"/home/airflow/.local/lib/python3.12/site-packages/airflow/sdk/execution_time/task_runner.py","lineno":1088,"name":"_execute_task"},{"filename":"/home/airflow/.local/lib/python3.12/site-packages/cosmos/operators/base.py","lineno":310,"name":"execute"},{"filename":"/home/airflow/.local/lib/python3.12/site-packages/cosmos/operators/local.py","lineno":842,"name":"build_and_run_cmd"},{"filename":"/home/airflow/.local/lib/python3.12/site-packages/cosmos/operators/local.py","lineno":614,"name":"run_command"},{"filename":"/home/airflow/.local/lib/python3.12/site-packages/cosmos/operators/local.py","lineno":521,"name":"_install_dependencies"},{"filename":"/home/airflow/.local/lib/python3.12/site-packages/cosmos/operators/local.py","lineno":429,"name":"run_subprocess"},{"filename":"/home/airflow/.local/lib/python3.12/site-packages/cosmos/hooks/subprocess.py","lineno":71,"name":"run_command"},{"filename":"/usr/local/lib/python3.12/subprocess.py","lineno":1026,"name":"__init__"},{"filename":"/usr/local/lib/python3.12/subprocess.py","lineno":1955,"name":"_execute_child"}]}]}
{"timestamp":"2025-08-05T09:43:03.028931Z","level":"info","event":"Task instance in failure state","chan":"stdout","logger":"task"}
{"timestamp":"2025-08-05T09:43:03.029319Z","level":"info","event":"Task start","chan":"stdout","logger":"task"}
{"timestamp":"2025-08-05T09:43:03.029580Z","level":"info","event":"Task:<Task(DbtRunLocalOperator): stg_flights__aircrafts_run>","chan":"stdout","logger":"task"}
{"timestamp":"2025-08-05T09:43:03.029794Z","level":"info","event":"Failure caused by [Errno 2] No such file or directory: '/usr/local/bin/dbt'","chan":"stdout","logger":"task"}
