{"timestamp":"2025-08-05T09:41:53.839727","level":"info","event":"DAG bundles loaded: dags-folder, example_dags","logger":"airflow.dag_processing.bundles.manager.DagBundlesManager"}
{"timestamp":"2025-08-05T09:41:53.852205","level":"info","event":"Filling up the DagBag from /opt/airflow/dags/dbt/my_first_dag.py","logger":"airflow.models.dagbag.DagBag"}
{"timestamp":"2025-08-05T09:41:53.864423","level":"info","event":"Trying to parse the dbt project using dbt ls cache cosmos_cache__my_first_dag...","logger":"cosmos.dbt.graph"}
{"timestamp":"2025-08-05T09:41:53.866440","level":"info","event":"Secrets backends loaded for worker","count":1,"backend_classes":["EnvironmentVariablesBackend"],"logger":"supervisor"}
{"timestamp":"2025-08-05T09:41:53.881929","level":"info","event":"Cosmos performance: Cache miss for cosmos_cache__my_first_dag","logger":"cosmos.dbt.graph"}
{"timestamp":"2025-08-05T09:41:53.883503","level":"info","event":"Trying to parse the dbt project in `/opt/airflow/dags/dbt` using dbt ls...","logger":"cosmos.dbt.graph"}
{"timestamp":"2025-08-05T09:41:53.903286","level":"info","event":"Partial parse is enabled and the latest partial parse file is /opt/airflow/dags/dbt/target/partial_parse.msgpack","logger":"cosmos.dbt.graph"}
{"timestamp":"2025-08-05T09:41:53.994091","level":"info","event":"Profile caching is enable.","logger":"cosmos.config"}
{"timestamp":"2025-08-05T09:41:53.996414","level":"info","event":"Profile found in cache using profile: /tmp/cosmos/profile/85b8f46954269e4707deec868cbba4cc2b65d9ebab867732ca41963e0da1074c/profiles.yml.","logger":"cosmos.config"}
{"timestamp":"2025-08-05T09:41:54.020861","level":"info","event":"Running command with Python subprocess: `/usr/local/bin/dbt deps --project-dir /tmp/tmpcvz7966a --profiles-dir /tmp/cosmos/profile/85b8f46954269e4707deec868cbba4cc2b65d9ebab867732ca41963e0da1074c --profile dbt_study --target dev`","logger":"cosmos.dbt.graph"}
{"timestamp":"2025-08-05T09:41:54.031699","level":"info","event":"Trying to parse the dbt project `dbt` using a custom Cosmos method...","logger":"cosmos.dbt.graph"}
{"timestamp":"2025-08-05T09:41:55.109880","level":"info","event":"Total nodes: 75","logger":"cosmos.dbt.graph"}
{"timestamp":"2025-08-05T09:41:55.110026","level":"info","event":"Total filtered nodes: 1","logger":"cosmos.dbt.graph"}
{"timestamp":"2025-08-05T09:41:55.110201","level":"info","event":"Cosmos performance (my_first_dag) -  [77b390b50e69|553]: It took 1.25s to parse the dbt project for DAG using LoadMode.CUSTOM","logger":"cosmos.converter"}
{"timestamp":"2025-08-05T09:41:55.122125","level":"info","event":"Cosmos performance (my_first_dag) - [77b390b50e69|553]: It took 0.0119s to build the Airflow DAG.","logger":"cosmos.converter"}
{"timestamp":"2025-08-05T09:41:55.126519","level":"info","event":"Could not import dbtRunner. Falling back to subprocess for invoking dbt.","logger":"cosmos.operators.base"}
{"timestamp":"2025-08-05T09:41:55.127034","level":"info","event":"Cloning project to writable temp directory /tmp/tmpdbkxx1pt from /opt/airflow/dags/dbt","logger":"cosmos.operators.base"}
{"timestamp":"2025-08-05T09:41:55.255737Z","level":"info","event":"Task instance is in running state","chan":"stdout","logger":"task"}
{"timestamp":"2025-08-05T09:41:55.256029Z","level":"info","event":" Previous state of the Task instance: queued","chan":"stdout","logger":"task"}
{"timestamp":"2025-08-05T09:41:55.256227Z","level":"info","event":"Current task name:stg_flights__aircrafts_run","chan":"stdout","logger":"task"}
{"timestamp":"2025-08-05T09:41:55.256381Z","level":"info","event":"Dag name:my_first_dag","chan":"stdout","logger":"task"}
{"timestamp":"2025-08-05T09:41:55.210228","level":"info","event":"Partial parse is enabled and the latest partial parse file is /opt/airflow/dags/dbt/target/partial_parse.msgpack","logger":"cosmos.operators.base"}
{"timestamp":"2025-08-05T09:41:55.328333","level":"info","event":"Profile caching is enable.","logger":"cosmos.config"}
{"timestamp":"2025-08-05T09:41:55.332135","level":"info","event":"Secrets backends loaded for worker","count":1,"backend_classes":["EnvironmentVariablesBackend"],"logger":"supervisor"}
{"timestamp":"2025-08-05T09:41:55.353084","level":"info","event":"Connection Retrieved 'postgres_dbt'","logger":"airflow.hooks.base"}
{"timestamp":"2025-08-05T09:41:55.354274","level":"info","event":"Using real values for profile dbt_study","logger":"cosmos.profiles.base"}
{"timestamp":"2025-08-05T09:41:55.360871","level":"info","event":"Profile not found in cache storing and using profile: /tmp/cosmos/profile/2dc78fdf9e32487c099c4a43d0c8da7f4be0fbd4d28ce0b27131f1f95513f948/profiles.yml.","logger":"cosmos.config"}
{"timestamp":"2025-08-05T09:41:55.378374","level":"info","event":"Trying to run the command:\n ['/usr/local/bin/dbt', 'deps', '--project-dir', '/tmp/tmpdbkxx1pt', '--profiles-dir', '/tmp/cosmos/profile/2dc78fdf9e32487c099c4a43d0c8da7f4be0fbd4d28ce0b27131f1f95513f948', '--profile', 'dbt_study', '--target', 'dev']\nFrom /tmp/tmpdbkxx1pt","logger":"cosmos.operators.base"}
{"timestamp":"2025-08-05T09:41:55.378881","level":"info","event":"Tmp dir root location: \n /tmp","logger":"airflow.task.hooks.cosmos.hooks.subprocess.FullOutputSubprocessHook"}
{"timestamp":"2025-08-05T09:41:55.379688","level":"info","event":"Running command: ['/usr/local/bin/dbt', 'deps', '--project-dir', '/tmp/tmpdbkxx1pt', '--profiles-dir', '/tmp/cosmos/profile/2dc78fdf9e32487c099c4a43d0c8da7f4be0fbd4d28ce0b27131f1f95513f948', '--profile', 'dbt_study', '--target', 'dev']","logger":"airflow.task.hooks.cosmos.hooks.subprocess.FullOutputSubprocessHook"}
{"timestamp":"2025-08-05T09:41:55.418793","level":"error","event":"Task failed with exception","logger":"task","error_detail":[{"exc_type":"FileNotFoundError","exc_value":"[Errno 2] No such file or directory: '/usr/local/bin/dbt'","exc_notes":[],"syntax_error":null,"is_cause":false,"frames":[{"filename":"/home/airflow/.local/lib/python3.12/site-packages/airflow/sdk/execution_time/task_runner.py","lineno":825,"name":"run"},{"filename":"/home/airflow/.local/lib/python3.12/site-packages/airflow/sdk/execution_time/task_runner.py","lineno":1088,"name":"_execute_task"},{"filename":"/home/airflow/.local/lib/python3.12/site-packages/cosmos/operators/base.py","lineno":310,"name":"execute"},{"filename":"/home/airflow/.local/lib/python3.12/site-packages/cosmos/operators/local.py","lineno":842,"name":"build_and_run_cmd"},{"filename":"/home/airflow/.local/lib/python3.12/site-packages/cosmos/operators/local.py","lineno":614,"name":"run_command"},{"filename":"/home/airflow/.local/lib/python3.12/site-packages/cosmos/operators/local.py","lineno":521,"name":"_install_dependencies"},{"filename":"/home/airflow/.local/lib/python3.12/site-packages/cosmos/operators/local.py","lineno":429,"name":"run_subprocess"},{"filename":"/home/airflow/.local/lib/python3.12/site-packages/cosmos/hooks/subprocess.py","lineno":71,"name":"run_command"},{"filename":"/usr/local/lib/python3.12/subprocess.py","lineno":1026,"name":"__init__"},{"filename":"/usr/local/lib/python3.12/subprocess.py","lineno":1955,"name":"_execute_child"}]}]}
{"timestamp":"2025-08-05T09:41:55.499907Z","level":"info","event":"Task instance in failure state","chan":"stdout","logger":"task"}
{"timestamp":"2025-08-05T09:41:55.500247Z","level":"info","event":"Task start","chan":"stdout","logger":"task"}
{"timestamp":"2025-08-05T09:41:55.500474Z","level":"info","event":"Task:<Task(DbtRunLocalOperator): stg_flights__aircrafts_run>","chan":"stdout","logger":"task"}
{"timestamp":"2025-08-05T09:41:55.500644Z","level":"info","event":"Failure caused by [Errno 2] No such file or directory: '/usr/local/bin/dbt'","chan":"stdout","logger":"task"}
