{"timestamp":"2025-08-05T07:10:18.810929","level":"info","event":"DAG bundles loaded: dags-folder, example_dags","logger":"airflow.dag_processing.bundles.manager.DagBundlesManager"}
{"timestamp":"2025-08-05T07:10:18.814131","level":"info","event":"Filling up the DagBag from /opt/airflow/dags/dbt/my_second_dag.py","logger":"airflow.models.dagbag.DagBag"}
{"timestamp":"2025-08-05T07:10:19.133476","level":"info","event":"Trying to parse the dbt project using dbt ls cache cosmos_cache__my_second_dag...","logger":"cosmos.dbt.graph"}
{"timestamp":"2025-08-05T07:10:19.136360","level":"info","event":"Secrets backends loaded for worker","count":1,"backend_classes":["EnvironmentVariablesBackend"],"logger":"supervisor"}
{"timestamp":"2025-08-05T07:10:19.177903","level":"info","event":"Cosmos performance: Cache miss for cosmos_cache__my_second_dag","logger":"cosmos.dbt.graph"}
{"timestamp":"2025-08-05T07:10:19.186780","level":"info","event":"Trying to parse the dbt project in `/opt/airflow/dags/dbt` using dbt ls...","logger":"cosmos.dbt.graph"}
{"timestamp":"2025-08-05T07:10:19.550643","level":"info","event":"Partial parse is enabled and the latest partial parse file is /opt/airflow/dags/dbt/target/partial_parse.msgpack","logger":"cosmos.dbt.graph"}
{"timestamp":"2025-08-05T07:10:20.536864","level":"info","event":"Profile caching is enable.","logger":"cosmos.config"}
{"timestamp":"2025-08-05T07:10:20.537564","level":"info","event":"Profile found in cache using profile: /tmp/cosmos/profile/bf2edf12910dfe0c0e13256fc46c9f518c30bb33dfee7524dec5d821e8c7552b/profiles.yml.","logger":"cosmos.config"}
{"timestamp":"2025-08-05T07:10:20.621168","level":"info","event":"Running command with Python subprocess: `/usr/local/bin/dbt deps --project-dir /tmp/tmpw3ydf8a3 --profiles-dir /tmp/cosmos/profile/bf2edf12910dfe0c0e13256fc46c9f518c30bb33dfee7524dec5d821e8c7552b --profile default --target dev`","logger":"cosmos.dbt.graph"}
{"timestamp":"2025-08-05T07:10:20.681891","level":"info","event":"Trying to parse the dbt project `dbt` using a custom Cosmos method...","logger":"cosmos.dbt.graph"}
{"timestamp":"2025-08-05T07:10:26.419498","level":"info","event":"Total nodes: 115","logger":"cosmos.dbt.graph"}
{"timestamp":"2025-08-05T07:10:26.419637","level":"info","event":"Total filtered nodes: 115","logger":"cosmos.dbt.graph"}
{"timestamp":"2025-08-05T07:10:26.419815","level":"info","event":"Cosmos performance (my_second_dag) -  [f67130d4a27e|1014]: It took 7.29s to parse the dbt project for DAG using LoadMode.CUSTOM","logger":"cosmos.converter"}
{"timestamp":"2025-08-05T07:10:28.000889","level":"info","event":"Cosmos performance (my_second_dag) - [f67130d4a27e|1014]: It took 1.58s to build the Airflow DAG.","logger":"cosmos.converter"}
{"timestamp":"2025-08-05T07:10:28.079709Z","level":"info","event":"Task instance is in running state","chan":"stdout","logger":"task"}
{"timestamp":"2025-08-05T07:10:28.079935Z","level":"info","event":" Previous state of the Task instance: queued","chan":"stdout","logger":"task"}
{"timestamp":"2025-08-05T07:10:28.080103Z","level":"info","event":"Current task name:stg_demo_src__aircrafts_run","chan":"stdout","logger":"task"}
{"timestamp":"2025-08-05T07:10:28.080272Z","level":"info","event":"Dag name:my_second_dag","chan":"stdout","logger":"task"}
{"timestamp":"2025-08-05T07:10:28.078241","level":"info","event":"Could not import dbtRunner. Falling back to subprocess for invoking dbt.","logger":"cosmos.operators.base"}
{"timestamp":"2025-08-05T07:10:28.078724","level":"info","event":"Cloning project to writable temp directory /tmp/tmpmr4pjy_q from /opt/airflow/dags/dbt","logger":"cosmos.operators.base"}
{"timestamp":"2025-08-05T07:10:28.472510","level":"info","event":"Partial parse is enabled and the latest partial parse file is /opt/airflow/dags/dbt/target/partial_parse.msgpack","logger":"cosmos.operators.base"}
{"timestamp":"2025-08-05T07:10:29.218583","level":"info","event":"Profile caching is enable.","logger":"cosmos.config"}
{"timestamp":"2025-08-05T07:10:29.354464","level":"info","event":"Secrets backends loaded for worker","count":1,"backend_classes":["EnvironmentVariablesBackend"],"logger":"supervisor"}
{"timestamp":"2025-08-05T07:10:29.384448","level":"error","event":"Task failed with exception","logger":"task","error_detail":[{"exc_type":"AirflowNotFoundException","exc_value":"The conn_id `postgres_dbt` isn't defined","exc_notes":[],"syntax_error":null,"is_cause":false,"frames":[{"filename":"/home/airflow/.local/lib/python3.12/site-packages/airflow/sdk/execution_time/task_runner.py","lineno":825,"name":"run"},{"filename":"/home/airflow/.local/lib/python3.12/site-packages/airflow/sdk/execution_time/task_runner.py","lineno":1088,"name":"_execute_task"},{"filename":"/home/airflow/.local/lib/python3.12/site-packages/cosmos/operators/base.py","lineno":310,"name":"execute"},{"filename":"/home/airflow/.local/lib/python3.12/site-packages/cosmos/operators/local.py","lineno":842,"name":"build_and_run_cmd"},{"filename":"/home/airflow/.local/lib/python3.12/site-packages/cosmos/operators/local.py","lineno":606,"name":"run_command"},{"filename":"/usr/local/lib/python3.12/contextlib.py","lineno":137,"name":"__enter__"},{"filename":"/home/airflow/.local/lib/python3.12/site-packages/cosmos/config.py","lineno":365,"name":"ensure_profile"},{"filename":"/home/airflow/.local/lib/python3.12/site-packages/cosmos/config.py","lineno":341,"name":"_get_profile_path"},{"filename":"/home/airflow/.local/lib/python3.12/site-packages/cosmos/profiles/base.py","lineno":98,"name":"version"},{"filename":"/home/airflow/.local/lib/python3.12/site-packages/cosmos/profiles/postgres/user_pass.py","lineno":44,"name":"profile"},{"filename":"/home/airflow/.local/lib/python3.12/site-packages/cosmos/profiles/base.py","lineno":318,"name":"mapped_params"},{"filename":"/home/airflow/.local/lib/python3.12/site-packages/cosmos/profiles/base.py","lineno":295,"name":"get_dbt_value"},{"filename":"/home/airflow/.local/lib/python3.12/site-packages/cosmos/profiles/base.py","lineno":272,"name":"_get_airflow_conn_field"},{"filename":"/home/airflow/.local/lib/python3.12/site-packages/cosmos/profiles/base.py","lineno":146,"name":"conn"},{"filename":"/home/airflow/.local/lib/python3.12/site-packages/airflow/hooks/base.py","lineno":64,"name":"get_connection"},{"filename":"/home/airflow/.local/lib/python3.12/site-packages/airflow/models/connection.py","lineno":482,"name":"get_connection_from_secrets"}]},{"exc_type":"AirflowRuntimeError","exc_value":"CONNECTION_NOT_FOUND: {'conn_id': 'postgres_dbt'}","exc_notes":[],"syntax_error":null,"is_cause":false,"frames":[{"filename":"/home/airflow/.local/lib/python3.12/site-packages/airflow/models/connection.py","lineno":472,"name":"get_connection_from_secrets"},{"filename":"/home/airflow/.local/lib/python3.12/site-packages/airflow/sdk/definitions/connection.py","lineno":142,"name":"get"},{"filename":"/home/airflow/.local/lib/python3.12/site-packages/airflow/sdk/execution_time/context.py","lineno":161,"name":"_get_connection"}]}]}
{"timestamp":"2025-08-05T07:10:29.402890Z","level":"info","event":"Task instance in failure state","chan":"stdout","logger":"task"}
{"timestamp":"2025-08-05T07:10:29.403409Z","level":"info","event":"Task start","chan":"stdout","logger":"task"}
{"timestamp":"2025-08-05T07:10:29.403678Z","level":"info","event":"Task:<Task(DbtRunLocalOperator): stg_demo_src__aircrafts_run>","chan":"stdout","logger":"task"}
{"timestamp":"2025-08-05T07:10:29.426058Z","level":"info","event":"Failure caused by The conn_id `postgres_dbt` isn't defined","chan":"stdout","logger":"task"}
