{"timestamp":"2025-08-05T09:42:26.593856","level":"info","event":"DAG bundles loaded: dags-folder, example_dags","logger":"airflow.dag_processing.bundles.manager.DagBundlesManager"}
{"timestamp":"2025-08-05T09:42:26.595820","level":"info","event":"Filling up the DagBag from /opt/airflow/dags/dbt/TaskFlow API_dag.py","logger":"airflow.models.dagbag.DagBag"}
{"timestamp":"2025-08-05T09:42:26.626162","level":"info","event":"Trying to parse the dbt project using dbt ls cache cosmos_cache__my_first_dag__dbt_task_group...","logger":"cosmos.dbt.graph"}
{"timestamp":"2025-08-05T09:42:26.627967","level":"info","event":"Secrets backends loaded for worker","count":1,"backend_classes":["EnvironmentVariablesBackend"],"logger":"supervisor"}
{"timestamp":"2025-08-05T09:42:26.635458","level":"info","event":"Cosmos performance: Cache miss for cosmos_cache__my_first_dag__dbt_task_group","logger":"cosmos.dbt.graph"}
{"timestamp":"2025-08-05T09:42:26.635975","level":"info","event":"Trying to parse the dbt project in `/opt/airflow/dags/dbt` using dbt ls...","logger":"cosmos.dbt.graph"}
{"timestamp":"2025-08-05T09:42:26.652658","level":"info","event":"Partial parse is enabled and the latest partial parse file is /opt/airflow/dags/dbt/target/partial_parse.msgpack","logger":"cosmos.dbt.graph"}
{"timestamp":"2025-08-05T09:42:26.709600","level":"info","event":"Profile caching is enable.","logger":"cosmos.config"}
{"timestamp":"2025-08-05T09:42:26.710013","level":"info","event":"Profile found in cache using profile: /tmp/cosmos/profile/85b8f46954269e4707deec868cbba4cc2b65d9ebab867732ca41963e0da1074c/profiles.yml.","logger":"cosmos.config"}
{"timestamp":"2025-08-05T09:42:26.726881","level":"info","event":"Running command with Python subprocess: `/usr/local/bin/dbt deps --project-dir /tmp/tmpo8by4b_7 --profiles-dir /tmp/cosmos/profile/85b8f46954269e4707deec868cbba4cc2b65d9ebab867732ca41963e0da1074c --profile dbt_study --target dev`","logger":"cosmos.dbt.graph"}
{"timestamp":"2025-08-05T09:42:26.729951","level":"info","event":"Trying to parse the dbt project `dbt` using a custom Cosmos method...","logger":"cosmos.dbt.graph"}
{"timestamp":"2025-08-05T09:42:27.205317","level":"info","event":"Total nodes: 75","logger":"cosmos.dbt.graph"}
{"timestamp":"2025-08-05T09:42:27.205661","level":"info","event":"Total filtered nodes: 1","logger":"cosmos.dbt.graph"}
{"timestamp":"2025-08-05T09:42:27.206122","level":"info","event":"Cosmos performance (my_first_dag__dbt_task_group) -  [77b390b50e69|568]: It took 0.58s to parse the dbt project for DAG using LoadMode.CUSTOM","logger":"cosmos.converter"}
{"timestamp":"2025-08-05T09:42:27.218582","level":"info","event":"Cosmos performance (my_first_dag__dbt_task_group) - [77b390b50e69|568]: It took 0.0125s to build the Airflow DAG.","logger":"cosmos.converter"}
{"timestamp":"2025-08-05T09:42:27.253111Z","level":"info","event":"Task instance is in running state","chan":"stdout","logger":"task"}
{"timestamp":"2025-08-05T09:42:27.253375Z","level":"info","event":" Previous state of the Task instance: queued","chan":"stdout","logger":"task"}
{"timestamp":"2025-08-05T09:42:27.253561Z","level":"info","event":"Current task name:dbt_task_group.stg_flights__aircrafts_run","chan":"stdout","logger":"task"}
{"timestamp":"2025-08-05T09:42:27.253715Z","level":"info","event":"Dag name:my_first_dag","chan":"stdout","logger":"task"}
{"timestamp":"2025-08-05T09:42:27.235799","level":"info","event":"Could not import dbtRunner. Falling back to subprocess for invoking dbt.","logger":"cosmos.operators.base"}
{"timestamp":"2025-08-05T09:42:27.236265","level":"info","event":"Cloning project to writable temp directory /tmp/tmpuzb96oee from /opt/airflow/dags/dbt","logger":"cosmos.operators.base"}
{"timestamp":"2025-08-05T09:42:27.264046","level":"info","event":"Partial parse is enabled and the latest partial parse file is /opt/airflow/dags/dbt/target/partial_parse.msgpack","logger":"cosmos.operators.base"}
{"timestamp":"2025-08-05T09:42:27.334427","level":"info","event":"Profile caching is enable.","logger":"cosmos.config"}
{"timestamp":"2025-08-05T09:42:27.336006","level":"info","event":"Secrets backends loaded for worker","count":1,"backend_classes":["EnvironmentVariablesBackend"],"logger":"supervisor"}
{"timestamp":"2025-08-05T09:42:27.351946","level":"info","event":"Connection Retrieved 'postgres_dbt'","logger":"airflow.hooks.base"}
{"timestamp":"2025-08-05T09:42:27.352765","level":"info","event":"Profile found in cache using profile: /tmp/cosmos/profile/2dc78fdf9e32487c099c4a43d0c8da7f4be0fbd4d28ce0b27131f1f95513f948/profiles.yml.","logger":"cosmos.config"}
{"timestamp":"2025-08-05T09:42:27.364485","level":"info","event":"Trying to run the command:\n ['/usr/local/bin/dbt', 'deps', '--project-dir', '/tmp/tmpuzb96oee', '--profiles-dir', '/tmp/cosmos/profile/2dc78fdf9e32487c099c4a43d0c8da7f4be0fbd4d28ce0b27131f1f95513f948', '--profile', 'dbt_study', '--target', 'dev']\nFrom /tmp/tmpuzb96oee","logger":"cosmos.operators.base"}
{"timestamp":"2025-08-05T09:42:27.365034","level":"info","event":"Tmp dir root location: \n /tmp","logger":"airflow.task.hooks.cosmos.hooks.subprocess.FullOutputSubprocessHook"}
{"timestamp":"2025-08-05T09:42:27.365874","level":"info","event":"Running command: ['/usr/local/bin/dbt', 'deps', '--project-dir', '/tmp/tmpuzb96oee', '--profiles-dir', '/tmp/cosmos/profile/2dc78fdf9e32487c099c4a43d0c8da7f4be0fbd4d28ce0b27131f1f95513f948', '--profile', 'dbt_study', '--target', 'dev']","logger":"airflow.task.hooks.cosmos.hooks.subprocess.FullOutputSubprocessHook"}
{"timestamp":"2025-08-05T09:42:27.387493","level":"error","event":"Task failed with exception","logger":"task","error_detail":[{"exc_type":"FileNotFoundError","exc_value":"[Errno 2] No such file or directory: '/usr/local/bin/dbt'","exc_notes":[],"syntax_error":null,"is_cause":false,"frames":[{"filename":"/home/airflow/.local/lib/python3.12/site-packages/airflow/sdk/execution_time/task_runner.py","lineno":825,"name":"run"},{"filename":"/home/airflow/.local/lib/python3.12/site-packages/airflow/sdk/execution_time/task_runner.py","lineno":1088,"name":"_execute_task"},{"filename":"/home/airflow/.local/lib/python3.12/site-packages/cosmos/operators/base.py","lineno":310,"name":"execute"},{"filename":"/home/airflow/.local/lib/python3.12/site-packages/cosmos/operators/local.py","lineno":842,"name":"build_and_run_cmd"},{"filename":"/home/airflow/.local/lib/python3.12/site-packages/cosmos/operators/local.py","lineno":614,"name":"run_command"},{"filename":"/home/airflow/.local/lib/python3.12/site-packages/cosmos/operators/local.py","lineno":521,"name":"_install_dependencies"},{"filename":"/home/airflow/.local/lib/python3.12/site-packages/cosmos/operators/local.py","lineno":429,"name":"run_subprocess"},{"filename":"/home/airflow/.local/lib/python3.12/site-packages/cosmos/hooks/subprocess.py","lineno":71,"name":"run_command"},{"filename":"/usr/local/lib/python3.12/subprocess.py","lineno":1026,"name":"__init__"},{"filename":"/usr/local/lib/python3.12/subprocess.py","lineno":1955,"name":"_execute_child"}]}]}
{"timestamp":"2025-08-05T09:42:27.437663Z","level":"info","event":"Task instance in failure state","chan":"stdout","logger":"task"}
{"timestamp":"2025-08-05T09:42:27.437968Z","level":"info","event":"Task start","chan":"stdout","logger":"task"}
{"timestamp":"2025-08-05T09:42:27.438166Z","level":"info","event":"Task:<Task(DbtRunLocalOperator): dbt_task_group.stg_flights__aircrafts_run>","chan":"stdout","logger":"task"}
{"timestamp":"2025-08-05T09:42:27.438331Z","level":"info","event":"Failure caused by [Errno 2] No such file or directory: '/usr/local/bin/dbt'","chan":"stdout","logger":"task"}
